=======Experiment 0=======
Generating initial nearest neighbours
Initial Cost 17881340.03868278
Final cost is 17313392.333855033
Improvement is 567947.7048277482
=======Experiment 1=======
Generating initial nearest neighbours
Initial Cost 18643402.245837517
Final cost is 18382475.492326163
Improvement is 260926.75351135433
=======Experiment 2=======
Generating initial nearest neighbours
Initial Cost 16464811.667132616
Final cost is 16110249.557420371
Improvement is 354562.10971224494
=======Experiment 3=======
Generating initial nearest neighbours
Initial Cost 21609631.50487282
Final cost is 21354633.44646458
Improvement is 254998.05840824172
=======Experiment 4=======
Generating initial nearest neighbours
Initial Cost 17735748.42304209
Final cost is 17406698.263094407
Improvement is 329050.1599476822
